[{"id":"incorrect-version","html":null,"error":101,"cli":["   Compiling chris_task v0.1.0 (/home/xmountain/repos/chrisTask)\n","error[E0433]: failed to resolve: use of undeclared type `TcpListener`\n --> src/main.rs:3:40\n  |\n3 |                         let listener = TcpListener::bind(\"127.0.0.1:7878\").unwrap();\n  |                                        ^^^^^^^^^^^ not found in this scope\n  |\nhelp: consider importing this struct\n  |\n2 |                     use std::net::TcpListener;\n  |\n\n","error[E0412]: cannot find type `TcpStream` in this scope\n  --> src/main.rs:11:54\n   |\n11 |                     fn handle_connection(mut stream: TcpStream) {\n   |                                                      ^^^^^^^^^ not found in this scope\n   |\nhelp: consider importing this struct\n   |\n2  |                     use std::net::TcpStream;\n   |\n\nerror[E0433]: failed to resolve: use of undeclared type `BufReader`\n  --> src/main.rs:12:42\n   |\n12 |                         let buf_reader = BufReader::new(&mut stream);\n   |                                          ^^^^^^^^^ not found in this scope\n   |\nhelp: consider importing this struct\n   |\n2  |                     use std::io::BufReader;\n   |\n\n","Some errors have detailed explanations: E0412, E0433.\nFor more information about an error, try `rustc --explain E0412`.\n","error: could not compile `chris_task` due to 3 previous errors\n"]},{"id":"correct-version","html":"<html><header></header><body>Hello Chris</body></html>","error":null,"cli":["   Compiling chris_task v0.1.0 (/home/xmountain/repos/chrisTask)\n","warning: unused variable: `http_request`\n  --> src/main.rs:18:29\n   |\n18 |                         let http_request: Vec<_> = buf_reader\n   |                             ^^^^^^^^^^^^ help: if this is intentional, prefix it with an underscore: `_http_request`\n   |\n   = note: `#[warn(unused_variables)]` on by default\n\n","warning: `chris_task` (bin \"chris_task\") generated 1 warning\n","    Finished dev [unoptimized + debuginfo] target(s) in 0.28s\n     Running `target/debug/chris_task`\n"]},{"id":"correct-version2","html":"<html><header></header><body>Happy New Year</body></html>","error":null,"cli":["   Compiling chris_task v0.1.0 (/home/xmountain/repos/chrisTask)\n","warning: unused variable: `http_request`\n  --> src/main.rs:18:29\n   |\n18 |                         let http_request: Vec<_> = buf_reader\n   |                             ^^^^^^^^^^^^ help: if this is intentional, prefix it with an underscore: `_http_request`\n   |\n   = note: `#[warn(unused_variables)]` on by default\n\n","warning: `chris_task` (bin \"chris_task\") generated 1 warning\n    Finished dev [unoptimized + debuginfo] target(s) in 0.26s\n","     Running `target/debug/chris_task`\n"]},{"id":"incorrect-version2","html":null,"error":101,"cli":["   Compiling chris_task v0.1.0 (/home/xmountain/repos/chrisTask)\n","error[E0433]: failed to resolve: use of undeclared type `TcpListener`\n --> src/main.rs:3:40\n  |\n3 |                         let listener = TcpListener::bind(\"127.0.0.1:7878\").unwrap();\n  |                                        ^^^^^^^^^^^ not found in this scope\n  |\nhelp: consider importing this struct\n  |\n2 |                     use std::net::TcpListener;\n  |\n\n","error[E0412]: cannot find type `TcpStream` in this scope\n  --> src/main.rs:11:54\n   |\n11 |                     fn handle_connection(mut stream: TcpStream) {\n   |                                                      ^^^^^^^^^ not found in this scope\n   |\nhelp: consider importing this struct\n   |\n2  |                     use std::net::TcpStream;\n   |\n\nerror[E0433]: failed to resolve: use of undeclared type `BufReader`\n  --> src/main.rs:12:42\n   |\n12 |                         let buf_reader = BufReader::new(&mut stream);\n   |                                          ^^^^^^^^^ not found in this scope\n   |\nhelp: consider importing this struct\n   |\n2  |                     use std::io::BufReader;\n   |\n\n","Some errors have detailed explanations: E0412, E0433.\nFor more information about an error, try `rustc --explain E0412`.\n","error: could not compile `chris_task` due to 3 previous errors\n"]}]
